<?xml version="1.0" encoding="UTF-8"?>
<!-- Generated by org.testng.reporters.JUnitReportReporter -->
<testsuite hostname="DESKTOP-KOQ67QC" failures="0" tests="1" name="testcase.MyFIrstTestCaseFW" time="1.997" errors="0" timestamp="2024-01-21T23:01:37 IST" skipped="0">
  <testcase classname="testcase.MyFIrstTestCaseFW" name="LoginTest" time="1.997"/>
</testsuite> <!-- testcase.MyFIrstTestCaseFW -->
