<?xml version="1.0" encoding="UTF-8"?>
<!-- Generated by org.testng.reporters.JUnitReportReporter -->
<testsuite hostname="DESKTOP-KOQ67QC" failures="0" tests="2" name="testcase.MyFIrstTestCaseFW" time="66.773" errors="0" timestamp="2024-01-27T18:19:29 IST" skipped="0">
  <testcase classname="testcase.MyFIrstTestCaseFW" name="LoginTest" time="34.237"/>
  <testcase classname="testcase.MyFIrstTestCaseFW" name="LoginTest" time="32.536"/>
</testsuite> <!-- testcase.MyFIrstTestCaseFW -->
