<?xml version="1.0" encoding="UTF-8"?>
<!-- Generated by org.testng.reporters.JUnitReportReporter -->
<testsuite hostname="DESKTOP-KOQ67QC" failures="0" tests="4" name="testcase.MyFIrstTestCaseFW" time="131.006" errors="0" timestamp="2024-01-28T22:55:02 IST" skipped="0">
  <testcase classname="testcase.MyFIrstTestCaseFW" name="LoginTest" time="56.455"/>
  <testcase classname="testcase.MyFIrstTestCaseFW" name="LoginTest" time="27.180"/>
  <testcase classname="testcase.MyFIrstTestCaseFW" name="LoginTest" time="39.814"/>
  <testcase classname="testcase.MyFIrstTestCaseFW" name="LoginTest" time="7.557"/>
</testsuite> <!-- testcase.MyFIrstTestCaseFW -->
