<?xml version="1.0" encoding="UTF-8"?>
<!-- Generated by org.testng.reporters.JUnitReportReporter -->
<testsuite hostname="DESKTOP-KOQ67QC" failures="0" tests="1" name="testcase.MyFIrstTestCaseFW" time="0.060" errors="0" timestamp="2024-01-18T23:44:51 IST" skipped="0">
  <testcase classname="testcase.MyFIrstTestCaseFW" name="LoginTest" time="0.060"/>
</testsuite> <!-- testcase.MyFIrstTestCaseFW -->
